0 verbose cli D:\NodeJS\node.exe D:\NodeJS\node_modules\npm\bin\npm-cli.js
0 verbose cli D:\NodeJS\node.exe D:\NodeJS\node_modules\npm\bin\npm-cli.js
1 info using npm@11.9.0
1 info using npm@11.9.0
2 info using node@v24.14.0
2 info using node@v24.14.0
3 silly config load:file:D:\NodeJS\node_modules\npm\npmrc
3 silly config load:file:D:\NodeJS\node_modules\npm\npmrc
4 silly config load:file:d:\Downloads\service-marketplace-project\service-marketplace\.npmrc
4 silly config load:file:d:\Downloads\service-marketplace-project\service-marketplace\.npmrc
5 silly config load:file:C:\Users\ASUS ZenBook\.npmrc
5 silly config load:file:C:\Users\ASUS ZenBook\.npmrc
6 silly config load:file:C:\Users\ASUS ZenBook\AppData\Roaming\npm\etc\npmrc
6 silly config load:file:C:\Users\ASUS ZenBook\AppData\Roaming\npm\etc\npmrc
7 verbose title npm ls tailwindcss
7 verbose title npm view tailwindcss description dist-tags.latest homepage version time
8 verbose argv "ls" "--json" "--depth" "0" "--" "tailwindcss"
9 verbose logfile logs-max:10 dir:d:\Downloads\service-marketplace-project\service-marketplace\%APPDATA%\npm-cache\_logs\2026-06-21T07_51_25_403Z-
8 verbose argv "view" "--json" "--" "tailwindcss" "description" "dist-tags.latest" "homepage" "version" "time"
10 verbose logfile d:\Downloads\service-marketplace-project\service-marketplace\%APPDATA%\npm-cache\_logs\2026-06-21T07_51_25_403Z-debug-0.log
9 verbose logfile logs-max:10 dir:d:\Downloads\service-marketplace-project\service-marketplace\%APPDATA%\npm-cache\_logs\2026-06-21T07_51_25_403Z-
10 verbose logfile d:\Downloads\service-marketplace-project\service-marketplace\%APPDATA%\npm-cache\_logs\2026-06-21T07_51_25_403Z-debug-0.log
11 silly logfile start cleaning logs, removing 2 files
11 silly logfile start cleaning logs, removing 2 files
12 silly logfile done cleaning log files
13 http fetch GET 200 https://registry.npmjs.org/tailwindcss 360ms (cache revalidated)
14 verbose cwd d:\Downloads\service-marketplace-project\service-marketplace
15 verbose os Windows_NT 10.0.26200
16 verbose node v24.14.0
17 verbose npm  v11.9.0
18 verbose exit 0
19 info ok
12 silly packumentCache heap:2348810240 maxSize:587202560 maxEntrySize:293601280
13 silly logfile done cleaning log files
14 verbose cwd d:\Downloads\service-marketplace-project\service-marketplace
15 verbose os Windows_NT 10.0.26200
16 verbose node v24.14.0
17 verbose npm  v11.9.0
18 verbose exit 0
19 info ok
